<?xml version="1.0" encoding="UTF-8"?>
<!-- Generated by org.testng.reporters.JUnitReportReporter -->
<testsuite hostname="DESKTOP-NIMS9DE" failures="0" tests="1" name="testApplication.TestData" time="21.254" errors="0" timestamp="2022-08-23T09:08:56 IST" skipped="0">
  <testcase classname="testApplication.TestData" name="testRun" time="21.254"/>
  <system-out/>
</testsuite> <!-- testApplication.TestData -->
