<?xml version="1.0" encoding="UTF-8"?>
<!-- Generated by org.testng.reporters.JUnitReportReporter -->
<testsuite hostname="DESKTOP-NIMS9DE" failures="0" tests="1" name="testApplication.TestData" time="7.086" errors="0" timestamp="2022-08-19T08:46:07 IST" skipped="0">
  <testcase classname="testApplication.TestData" name="testRun" time="7.086"/>
  <system-out/>
</testsuite> <!-- testApplication.TestData -->
