<?xml version="1.0" encoding="UTF-8"?>
<!-- Generated by org.testng.reporters.JUnitReportReporter -->
<testsuite hostname="DESKTOP-NIMS9DE" failures="0" tests="1" name="Utiles.WebInstall" time="6.697" errors="0" timestamp="2022-08-19T08:07:54 IST" skipped="0">
  <testcase classname="Utiles.WebInstall" name="websetup" time="6.697"/>
  <system-out/>
</testsuite> <!-- Utiles.WebInstall -->
