<?xml version="1.0" encoding="UTF-8"?>
<!-- Generated by org.testng.reporters.JUnitReportReporter -->
<testsuite hostname="DESKTOP-NIMS9DE" failures="0" tests="1" name="testApplication.TestData" time="6.926" errors="0" timestamp="2022-08-19T08:25:44 IST" skipped="0">
  <testcase classname="testApplication.TestData" name="testRun" time="6.926"/>
  <system-out/>
</testsuite> <!-- testApplication.TestData -->
